running egg_info
writing ../../build/adl_robot/adl_robot.egg-info/PKG-INFO
writing dependency_links to ../../build/adl_robot/adl_robot.egg-info/dependency_links.txt
writing entry points to ../../build/adl_robot/adl_robot.egg-info/entry_points.txt
writing requirements to ../../build/adl_robot/adl_robot.egg-info/requires.txt
writing top-level names to ../../build/adl_robot/adl_robot.egg-info/top_level.txt
reading manifest file '../../build/adl_robot/adl_robot.egg-info/SOURCES.txt'
writing manifest file '../../build/adl_robot/adl_robot.egg-info/SOURCES.txt'
running build
running install
running install_data
copying launch/aruco_detection_only.launch.py -> /home/tripham/adl-robot/ros2_ws/install/adl_robot/share/adl_robot/launch
running install_egg_info
removing '/home/tripham/adl-robot/ros2_ws/install/adl_robot/lib/python3.10/site-packages/adl_robot-0.0.0-py3.10.egg-info' (and everything under it)
Copying ../../build/adl_robot/adl_robot.egg-info to /home/tripham/adl-robot/ros2_ws/install/adl_robot/lib/python3.10/site-packages/adl_robot-0.0.0-py3.10.egg-info
running install_scripts
Installing adl_coordinator script to /home/tripham/adl-robot/ros2_ws/install/adl_robot/lib/adl_robot
Installing aruco_detector script to /home/tripham/adl-robot/ros2_ws/install/adl_robot/lib/adl_robot
Installing kinova_controller script to /home/tripham/adl-robot/ros2_ws/install/adl_robot/lib/adl_robot
Installing object_pickup_service script to /home/tripham/adl-robot/ros2_ws/install/adl_robot/lib/adl_robot
writing list of installed files to '/home/tripham/adl-robot/ros2_ws/build/adl_robot/install.log'
